d:\my_codes\c++\miomi_v2\miomi_v2\x64\debug\searchcustomerwidget.obj
d:\my_codes\c++\miomi_v2\miomi_v2\x64\debug\moc_modifycustomerwidget.obj
d:\my_codes\c++\miomi_v2\miomi_v2\x64\debug\log.obj
d:\my_codes\c++\miomi_v2\miomi_v2\x64\debug\moc_changepersonalinfowidget.obj
d:\my_codes\c++\miomi_v2\miomi_v2\x64\debug\addcustomerwidget.obj
d:\my_codes\c++\miomi_v2\miomi_v2\x64\debug\qrc_mainwindow.obj
d:\my_codes\c++\miomi_v2\miomi_v2\x64\debug\changepersonalinfowidget.obj
d:\my_codes\c++\miomi_v2\miomi_v2\x64\debug\moc_searchcustomerwidget.obj
d:\my_codes\c++\miomi_v2\miomi_v2\x64\debug\modifycustomerwidget.obj
d:\my_codes\c++\miomi_v2\miomi_v2\x64\debug\moc_addcustomerwidget.obj
d:\my_codes\c++\miomi_v2\miomi_v2\x64\debug\moc_mainwindow.obj
d:\my_codes\c++\miomi_v2\miomi_v2\x64\debug\mainwindow.obj
d:\my_codes\c++\miomi_v2\miomi_v2\x64\debug\main.obj
d:\my_codes\c++\miomi_v2\miomi_v2\x64\debug\globalpath.obj
d:\my_codes\c++\miomi_v2\miomi_v2\x64\debug\sysconfiguration.obj
d:\my_codes\c++\miomi_v2\miomi_v2\x64\debug\databaseinfo.obj
d:\my_codes\c++\miomi_v2\miomi_v2\x64\debug\moc_sysconfiguration.obj
d:\my_codes\c++\miomi_v2\miomi_v2\x64\debug\addemployeewidget.obj
d:\my_codes\c++\miomi_v2\miomi_v2\x64\debug\moc_addemployeewidget.obj
d:\my_codes\c++\miomi_v2\miomi_v2\x64\debug\runningmode.obj
d:\my_codes\c++\miomi_v2\miomi_v2\x64\debug\vc141.pdb
d:\my_codes\c++\miomi_v2\miomi_v2\x64\debug\searchmodifyemployeewidget.obj
d:\my_codes\c++\miomi_v2\miomi_v2\x64\debug\moc_searchmodifyemployeewidget.obj
d:\my_codes\c++\miomi_v2\miomi_v2\x64\debug\moc_delegate.obj
d:\my_codes\c++\miomi_v2\miomi_v2\x64\debug\addproductwidget.obj
d:\my_codes\c++\miomi_v2\miomi_v2\x64\debug\moc_addproductwidget.obj
d:\my_codes\c++\miomi_v2\miomi_v2\x64\debug\moc_setskuwidget.obj
d:\my_codes\c++\miomi_v2\miomi_v2\x64\debug\setskuwidget.obj
d:\my_codes\c++\miomi_v2\miomi_v2\x64\debug\moc_sellwidget.obj
d:\my_codes\c++\miomi_v2\miomi_v2\x64\debug\sellwidget.obj
d:\my_codes\c++\miomi_v2\x64\debug\miomi_v2.exe
d:\my_codes\c++\miomi_v2\x64\debug\miomi_v2.ilk
d:\my_codes\c++\miomi_v2\x64\debug\miomi_v2.pdb
d:\my_codes\c++\miomi_v2\miomi_v2\generatedfiles\debug\moc_mainwindow.cpp
d:\my_codes\c++\miomi_v2\miomi_v2\generatedfiles\debug\moc_changepersonalinfowidget.cpp
d:\my_codes\c++\miomi_v2\miomi_v2\generatedfiles\debug\moc_modifycustomerwidget.cpp
d:\my_codes\c++\miomi_v2\miomi_v2\generatedfiles\debug\moc_searchcustomerwidget.cpp
d:\my_codes\c++\miomi_v2\miomi_v2\generatedfiles\debug\moc_addcustomerwidget.cpp
d:\my_codes\c++\miomi_v2\miomi_v2\generatedfiles\qrc_mainwindow.cpp
d:\my_codes\c++\miomi_v2\miomi_v2\generatedfiles\ui_addcustomerwidget.h
d:\my_codes\c++\miomi_v2\miomi_v2\generatedfiles\ui_changepersonalinfowidget.h
d:\my_codes\c++\miomi_v2\miomi_v2\generatedfiles\ui_mainwindow.h
d:\my_codes\c++\miomi_v2\miomi_v2\generatedfiles\ui_modifycustomerwidget.h
d:\my_codes\c++\miomi_v2\miomi_v2\generatedfiles\ui_searchcustomerwidget.h
d:\my_codes\c++\miomi_v2\miomi_v2\generatedfiles\debug\moc_sysconfiguration.cpp
d:\my_codes\c++\miomi_v2\miomi_v2\generatedfiles\ui_sysconfiguration.h
d:\my_codes\c++\miomi_v2\miomi_v2\generatedfiles\debug\moc_addemployeewidget.cpp
d:\my_codes\c++\miomi_v2\miomi_v2\generatedfiles\ui_addemployeewidget.h
d:\my_codes\c++\miomi_v2\miomi_v2\generatedfiles\debug\moc_searchmodifyemployeewidget.cpp
d:\my_codes\c++\miomi_v2\miomi_v2\generatedfiles\ui_searchmodifyemployeewidget.h
d:\my_codes\c++\miomi_v2\miomi_v2\generatedfiles\debug\moc_delegate.cpp
d:\my_codes\c++\miomi_v2\miomi_v2\generatedfiles\debug\moc_addproductwidget.cpp
d:\my_codes\c++\miomi_v2\miomi_v2\generatedfiles\ui_addproductwidget.h
d:\my_codes\c++\miomi_v2\miomi_v2\generatedfiles\debug\moc_setskuwidget.cpp
d:\my_codes\c++\miomi_v2\miomi_v2\generatedfiles\ui_setskuwidget.h
d:\my_codes\c++\miomi_v2\miomi_v2\generatedfiles\debug\moc_sellwidget.cpp
d:\my_codes\c++\miomi_v2\miomi_v2\generatedfiles\ui_sellwidget.h
d:\my_codes\c++\miomi_v2\miomi_v2\x64\debug\miomi_v2.res
d:\my_codes\c++\miomi_v2\miomi_v2\x64\debug\miomi_v2.tlog\cl.command.1.tlog
d:\my_codes\c++\miomi_v2\miomi_v2\x64\debug\miomi_v2.tlog\cl.read.1.tlog
d:\my_codes\c++\miomi_v2\miomi_v2\x64\debug\miomi_v2.tlog\cl.write.1.tlog
d:\my_codes\c++\miomi_v2\miomi_v2\x64\debug\miomi_v2.tlog\link.command.1.tlog
d:\my_codes\c++\miomi_v2\miomi_v2\x64\debug\miomi_v2.tlog\link.read.1.tlog
d:\my_codes\c++\miomi_v2\miomi_v2\x64\debug\miomi_v2.tlog\link.write.1.tlog
d:\my_codes\c++\miomi_v2\miomi_v2\x64\debug\miomi_v2.tlog\miomi_v2.write.1u.tlog
d:\my_codes\c++\miomi_v2\miomi_v2\x64\debug\miomi_v2.tlog\rc.command.1.tlog
d:\my_codes\c++\miomi_v2\miomi_v2\x64\debug\miomi_v2.tlog\rc.read.1.tlog
d:\my_codes\c++\miomi_v2\miomi_v2\x64\debug\miomi_v2.tlog\rc.write.1.tlog
