d:\my_codes\c++\miomi_v2\miomi_v2\x64\release\log.obj
d:\my_codes\c++\miomi_v2\miomi_v2\x64\release\mainwindow.obj
d:\my_codes\c++\miomi_v2\miomi_v2\x64\release\moc_mainwindow.obj
d:\my_codes\c++\miomi_v2\miomi_v2\x64\release\qrc_mainwindow.obj
d:\my_codes\c++\miomi_v2\miomi_v2\x64\release\main.obj
d:\my_codes\c++\miomi_v2\miomi_v2\x64\release\moc_searchcustomerwidget.obj
d:\my_codes\c++\miomi_v2\miomi_v2\x64\release\moc_addcustomerwidget.obj
d:\my_codes\c++\miomi_v2\miomi_v2\x64\release\searchcustomerwidget.obj
d:\my_codes\c++\miomi_v2\miomi_v2\x64\release\addcustomerwidget.obj
d:\my_codes\c++\miomi_v2\miomi_v2\x64\release\moc_changepersonalinfowidget.obj
d:\my_codes\c++\miomi_v2\miomi_v2\x64\release\changepersonalinfowidget.obj
d:\my_codes\c++\miomi_v2\miomi_v2\x64\release\moc_modifycustomerwidget.obj
d:\my_codes\c++\miomi_v2\miomi_v2\x64\release\modifycustomerwidget.obj
d:\my_codes\c++\miomi_v2\miomi_v2\x64\release\databaseinfo.obj
d:\my_codes\c++\miomi_v2\miomi_v2\x64\release\sysconfiguration.obj
d:\my_codes\c++\miomi_v2\miomi_v2\x64\release\moc_sysconfiguration.obj
d:\my_codes\c++\miomi_v2\miomi_v2\x64\release\globalpath.obj
d:\my_codes\c++\miomi_v2\miomi_v2\x64\release\runningmode.obj
d:\my_codes\c++\miomi_v2\miomi_v2\x64\release\addemployeewidget.obj
d:\my_codes\c++\miomi_v2\miomi_v2\x64\release\moc_addemployeewidget.obj
d:\my_codes\c++\miomi_v2\miomi_v2\x64\release\searchmodifyemployeewidget.obj
d:\my_codes\c++\miomi_v2\miomi_v2\x64\release\moc_sellwidget.obj
d:\my_codes\c++\miomi_v2\miomi_v2\x64\release\sellwidget.obj
d:\my_codes\c++\miomi_v2\miomi_v2\x64\release\moc_delegate.obj
d:\my_codes\c++\miomi_v2\miomi_v2\x64\release\moc_setskuwidget.obj
d:\my_codes\c++\miomi_v2\miomi_v2\x64\release\setskuwidget.obj
d:\my_codes\c++\miomi_v2\miomi_v2\x64\release\moc_searchmodifyemployeewidget.obj
d:\my_codes\c++\miomi_v2\miomi_v2\x64\release\personalconsumptiondetailwidget.obj
d:\my_codes\c++\miomi_v2\miomi_v2\x64\release\prodsearch.obj
d:\my_codes\c++\miomi_v2\miomi_v2\x64\release\moc_personalconsumptiondetailwidget.obj
d:\my_codes\c++\miomi_v2\miomi_v2\x64\release\moc_prodsearch.obj
d:\my_codes\c++\miomi_v2\x64\release\miomi_v2.exe
d:\my_codes\c++\miomi_v2\miomi_v2\generatedfiles\release\moc_mainwindow.cpp
d:\my_codes\c++\miomi_v2\miomi_v2\generatedfiles\qrc_mainwindow.cpp
d:\my_codes\c++\miomi_v2\miomi_v2\generatedfiles\release\moc_searchcustomerwidget.cpp
d:\my_codes\c++\miomi_v2\miomi_v2\generatedfiles\release\moc_addcustomerwidget.cpp
d:\my_codes\c++\miomi_v2\miomi_v2\generatedfiles\ui_addcustomerwidget.h
d:\my_codes\c++\miomi_v2\miomi_v2\generatedfiles\ui_mainwindow.h
d:\my_codes\c++\miomi_v2\miomi_v2\generatedfiles\ui_searchcustomerwidget.h
d:\my_codes\c++\miomi_v2\miomi_v2\generatedfiles\release\moc_changepersonalinfowidget.cpp
d:\my_codes\c++\miomi_v2\miomi_v2\generatedfiles\ui_changepersonalinfowidget.h
d:\my_codes\c++\miomi_v2\miomi_v2\generatedfiles\release\moc_modifycustomerwidget.cpp
d:\my_codes\c++\miomi_v2\miomi_v2\generatedfiles\ui_modifycustomerwidget.h
d:\my_codes\c++\miomi_v2\miomi_v2\generatedfiles\release\moc_sysconfiguration.cpp
d:\my_codes\c++\miomi_v2\miomi_v2\generatedfiles\release\moc_addemployeewidget.cpp
d:\my_codes\c++\miomi_v2\miomi_v2\generatedfiles\ui_addemployeewidget.h
d:\my_codes\c++\miomi_v2\miomi_v2\generatedfiles\ui_sysconfiguration.h
d:\my_codes\c++\miomi_v2\miomi_v2\generatedfiles\release\moc_searchmodifyemployeewidget.cpp
d:\my_codes\c++\miomi_v2\miomi_v2\generatedfiles\ui_searchmodifyemployeewidget.h
d:\my_codes\c++\miomi_v2\miomi_v2\generatedfiles\release\moc_sellwidget.cpp
d:\my_codes\c++\miomi_v2\miomi_v2\generatedfiles\release\moc_setskuwidget.cpp
d:\my_codes\c++\miomi_v2\miomi_v2\generatedfiles\release\moc_delegate.cpp
d:\my_codes\c++\miomi_v2\miomi_v2\generatedfiles\ui_setskuwidget.h
d:\my_codes\c++\miomi_v2\miomi_v2\generatedfiles\release\moc_personalconsumptiondetailwidget.cpp
d:\my_codes\c++\miomi_v2\miomi_v2\generatedfiles\release\moc_prodsearch.cpp
d:\my_codes\c++\miomi_v2\miomi_v2\generatedfiles\ui_personalconsumptiondetailwidget.h
d:\my_codes\c++\miomi_v2\miomi_v2\generatedfiles\ui_prodsearch.h
d:\my_codes\c++\miomi_v2\miomi_v2\generatedfiles\ui_sellwidget.h
d:\my_codes\c++\miomi_v2\miomi_v2\x64\release\miomi_v2.res
d:\my_codes\c++\miomi_v2\miomi_v2\x64\release\miomi_v21.res
d:\my_codes\c++\miomi_v2\miomi_v2\x64\release\miomi_v2.tlog\cl.command.1.tlog
d:\my_codes\c++\miomi_v2\miomi_v2\x64\release\miomi_v2.tlog\cl.read.1.tlog
d:\my_codes\c++\miomi_v2\miomi_v2\x64\release\miomi_v2.tlog\cl.write.1.tlog
d:\my_codes\c++\miomi_v2\miomi_v2\x64\release\miomi_v2.tlog\link.command.1.tlog
d:\my_codes\c++\miomi_v2\miomi_v2\x64\release\miomi_v2.tlog\link.read.1.tlog
d:\my_codes\c++\miomi_v2\miomi_v2\x64\release\miomi_v2.tlog\link.write.1.tlog
d:\my_codes\c++\miomi_v2\miomi_v2\x64\release\miomi_v2.tlog\miomi_v2.write.1u.tlog
d:\my_codes\c++\miomi_v2\miomi_v2\x64\release\miomi_v2.tlog\rc.command.1.tlog
d:\my_codes\c++\miomi_v2\miomi_v2\x64\release\miomi_v2.tlog\rc.read.1.tlog
d:\my_codes\c++\miomi_v2\miomi_v2\x64\release\miomi_v2.tlog\rc.write.1.tlog
