  moc_AddCustomerWidget.cpp
  moc_AddEmployeeWidget.cpp
  moc_ChangePersonalInfoWidget.cpp
  moc_Delegate.cpp
  moc_MainWindow.cpp
  moc_ModifyCustomerWidget.cpp
  moc_PersonalConsumptionDetailWidget.cpp
  moc_ProdSearch.cpp
  moc_SearchCustomerWidget.cpp
  moc_SearchModifyEmployeeWidget.cpp
  moc_SellWidget.cpp
  moc_SetSKUWidget.cpp
  moc_SysConfiguration.cpp
  AddCustomerWidget.cpp
  AddEmployeeWidget.cpp
  ChangePersonalInfoWidget.cpp
  DatabaseInfo.cpp
  GlobalPath.cpp
  Log.cpp
  MainWindow.cpp
  ModifyCustomerWidget.cpp
  PersonalConsumptionDetailWidget.cpp
  ProdSearch.cpp
  RunningMode.cpp
  SearchCustomerWidget.cpp
  SearchModifyEmployeeWidget.cpp
  SellWidget.cpp
  SetSKUWidget.cpp
  SysConfiguration.cpp
  main.cpp
  MIOMI_v2.vcxproj -> D:\My_Codes\C++\MIOMI_v2\x64\Release\MIOMI_v2.exe
